<?xml version="1.0" encoding="UTF-8"?>
<!-- Generated by org.testng.reporters.JUnitXMLReporter -->
<testsuite ignored="0" hostname="Anjali" failures="0" tests="3" name="Placed Order Test" time="32.634" errors="0" timestamp="2024-06-13T14:23:52 IST">
  <testcase classname="frameworkpack.StandAloneTestModified" name="placedOrder" time="6.831"/>
  <testcase classname="frameworkpack.StandAloneTestModified" name="placedOrder" time="6.699"/>
  <testcase classname="frameworkpack.StandAloneTestModified" name="OrderHistory" time="0.63"/>
</testsuite> <!-- Placed Order Test -->
